2022-09-30 15:28:05,546 INFO o.a.j.u.JMeterUtils: Setting Locale to en_EN
2022-09-30 15:28:05,558 INFO o.a.j.JMeter: Loading user properties from: user.properties
2022-09-30 15:28:05,558 INFO o.a.j.JMeter: Loading system properties from: system.properties
2022-09-30 15:28:05,566 INFO o.a.j.JMeter: Copyright (c) 1998-2021 The Apache Software Foundation
2022-09-30 15:28:05,566 INFO o.a.j.JMeter: Version 5.4.3
2022-09-30 15:28:05,566 INFO o.a.j.JMeter: java.version=1.8.0_341
2022-09-30 15:28:05,566 INFO o.a.j.JMeter: java.vm.name=Java HotSpot(TM) Client VM
2022-09-30 15:28:05,566 INFO o.a.j.JMeter: os.name=Windows 10
2022-09-30 15:28:05,566 INFO o.a.j.JMeter: os.arch=x86
2022-09-30 15:28:05,566 INFO o.a.j.JMeter: os.version=10.0
2022-09-30 15:28:05,566 INFO o.a.j.JMeter: file.encoding=Cp1252
2022-09-30 15:28:05,566 INFO o.a.j.JMeter: java.awt.headless=true
2022-09-30 15:28:05,566 INFO o.a.j.JMeter: Max memory     =1073741824
2022-09-30 15:28:05,566 INFO o.a.j.JMeter: Available Processors =4
2022-09-30 15:28:05,570 INFO o.a.j.JMeter: Default Locale=English (EN)
2022-09-30 15:28:05,570 INFO o.a.j.JMeter: JMeter  Locale=English (EN)
2022-09-30 15:28:05,570 INFO o.a.j.JMeter: JMeterHome=D:\jmeter\apache-jmeter-5.4.3
2022-09-30 15:28:05,570 INFO o.a.j.JMeter: user.dir  =D:\jmeter\apache-jmeter-5.4.3\bin
2022-09-30 15:28:05,570 INFO o.a.j.JMeter: PWD       =D:\jmeter\apache-jmeter-5.4.3\bin
2022-09-30 15:28:05,574 INFO o.a.j.JMeter: IP: 192.168.0.147 Name: DESKTOP-LDVFESE FullName: DESKTOP-LDVFESE
2022-09-30 15:28:05,578 INFO o.a.j.JMeter: Setting property 'jmeter.reportgenerator.outputdir' to:'D:\jmeter\apache-jmeter-5.4.3\bin\htmlreport'
2022-09-30 15:28:05,665 INFO o.a.j.r.d.ReportGenerator: ReportGenerator will use for Parsing the separator: ','
2022-09-30 15:28:05,665 INFO o.a.j.r.d.ReportGenerator: Will only generate report from results file: D:\jmeter\apache-jmeter-5.4.3\bin\report.jtl
2022-09-30 15:28:05,665 INFO o.a.j.r.d.ReportGenerator: Reading report generator properties from: D:\jmeter\apache-jmeter-5.4.3\bin\reportgenerator.properties
2022-09-30 15:28:05,712 INFO o.a.j.r.d.ReportGenerator: Merging with JMeter properties
2022-09-30 15:28:05,736 INFO o.a.j.r.c.ReportGeneratorConfiguration: Property 'jmeter.reportgenerator.temp_dir' not found, using default value 'temp' instead.
2022-09-30 15:28:05,752 INFO o.a.j.r.c.ReportGeneratorConfiguration: Property 'jmeter.reportgenerator.apdex_per_transaction' not found, using default value 'null' instead.
2022-09-30 15:28:05,768 INFO o.a.j.r.c.ReportGeneratorConfiguration: apdex_per_transaction is empty, not APDEX per transaction customization
2022-09-30 15:28:05,768 INFO o.a.j.r.c.ReportGeneratorConfiguration: Property 'jmeter.reportgenerator.sample_filter' not found, using default value 'null' instead.
2022-09-30 15:28:05,768 INFO o.a.j.r.c.ReportGeneratorConfiguration: Property 'jmeter.reportgenerator.report_title' not found, using default value 'null' instead.
2022-09-30 15:28:05,768 INFO o.a.j.r.c.ReportGeneratorConfiguration: Property 'jmeter.reportgenerator.start_date' not found, using default value 'null' instead.
2022-09-30 15:28:05,768 INFO o.a.j.r.c.ReportGeneratorConfiguration: Property 'jmeter.reportgenerator.end_date' not found, using default value 'null' instead.
2022-09-30 15:28:05,768 INFO o.a.j.r.c.ReportGeneratorConfiguration: Property 'jmeter.reportgenerator.date_format' not found, using default value 'null' instead.
2022-09-30 15:28:05,768 INFO o.a.j.r.c.ReportGeneratorConfiguration: Will use date range start date: null, end date: null
2022-09-30 15:28:05,780 INFO o.a.j.r.c.ReportGeneratorConfiguration: Property 'jmeter.reportgenerator.graph.totalTPS.exclude_controllers' not found, using default value 'false' instead.
2022-09-30 15:28:05,780 INFO o.a.j.r.c.ReportGeneratorConfiguration: Property 'jmeter.reportgenerator.graph.activeThreadsOverTime.exclude_controllers' not found, using default value 'false' instead.
2022-09-30 15:28:05,780 INFO o.a.j.r.c.ReportGeneratorConfiguration: Property 'jmeter.reportgenerator.graph.timeVsThreads.exclude_controllers' not found, using default value 'false' instead.
2022-09-30 15:28:05,780 INFO o.a.j.r.c.ReportGeneratorConfiguration: Property 'jmeter.reportgenerator.graph.responseTimeDistribution.exclude_controllers' not found, using default value 'false' instead.
2022-09-30 15:28:05,780 INFO o.a.j.r.c.ReportGeneratorConfiguration: Property 'jmeter.reportgenerator.graph.transactionsPerSecond.exclude_controllers' not found, using default value 'false' instead.
2022-09-30 15:28:05,780 INFO o.a.j.r.c.ReportGeneratorConfiguration: Property 'jmeter.reportgenerator.graph.responseTimePercentiles.exclude_controllers' not found, using default value 'false' instead.
2022-09-30 15:28:05,780 INFO o.a.j.r.c.ReportGeneratorConfiguration: Property 'jmeter.reportgenerator.graph.responseTimePercentilesOverTime.exclude_controllers' not found, using default value 'false' instead.
2022-09-30 15:28:05,780 INFO o.a.j.r.c.ReportGeneratorConfiguration: Property 'jmeter.reportgenerator.graph.responseTimesOverTime.exclude_controllers' not found, using default value 'false' instead.
2022-09-30 15:28:05,780 INFO o.a.j.r.c.ReportGeneratorConfiguration: Property 'jmeter.reportgenerator.graph.connectTimeOverTime.exclude_controllers' not found, using default value 'false' instead.
2022-09-30 15:28:05,780 INFO o.a.j.r.c.ReportGeneratorConfiguration: Property 'jmeter.reportgenerator.graph.latenciesOverTime.exclude_controllers' not found, using default value 'false' instead.
2022-09-30 15:28:05,784 INFO o.a.j.r.c.ReportGeneratorConfiguration: Property 'jmeter.reportgenerator.exporter.json.filters_only_sample_series' not found, using default value 'true' instead.
2022-09-30 15:28:05,784 INFO o.a.j.r.c.ReportGeneratorConfiguration: Property 'jmeter.reportgenerator.exporter.json.series_filter' not found, using default value '' instead.
2022-09-30 15:28:05,784 INFO o.a.j.r.c.ReportGeneratorConfiguration: Property 'jmeter.reportgenerator.exporter.json.show_controllers_only' not found, using default value 'false' instead.
2022-09-30 15:28:05,784 INFO o.a.j.r.c.ReportGeneratorConfiguration: Property 'jmeter.reportgenerator.exporter.html.filters_only_sample_series' not found, using default value 'true' instead.
2022-09-30 15:28:05,784 INFO o.a.j.r.c.ReportGeneratorConfiguration: Property 'jmeter.reportgenerator.exporter.html.series_filter' not found, using default value '' instead.
2022-09-30 15:28:05,784 INFO o.a.j.r.c.ReportGeneratorConfiguration: Property 'jmeter.reportgenerator.exporter.html.show_controllers_only' not found, using default value 'false' instead.
2022-09-30 15:28:06,115 INFO o.a.j.s.SaveService: Testplan (JMX) version: 2.2. Testlog (JTL) version: 2.2
2022-09-30 15:28:06,135 INFO o.a.j.s.SaveService: Using SaveService properties file encoding UTF-8
2022-09-30 15:28:06,139 INFO o.a.j.s.SaveService: Using SaveService properties version 5.0
2022-09-30 15:28:06,175 INFO o.a.j.r.p.NormalizerSampleConsumer: Using format, 'ms', to parse timeStamp field
2022-09-30 15:28:07,243 INFO o.a.j.r.p.AbstractSampleConsumer: class org.apache.jmeter.report.processor.AggregateConsumer#stopProducing(): beginDate produced 0 samples
2022-09-30 15:28:07,243 INFO o.a.j.r.p.AbstractSampleConsumer: class org.apache.jmeter.report.processor.AggregateConsumer#stopProducing(): endDate produced 0 samples
2022-09-30 15:28:07,247 INFO o.a.j.r.p.AbstractSampleConsumer: class org.apache.jmeter.report.processor.ApdexSummaryConsumer#stopProducing(): apdexSummary produced 0 samples
2022-09-30 15:28:07,247 INFO o.a.j.r.p.AbstractSampleConsumer: class2022-09-30 15:38:59,295 INFO o.a.j.e.StandardJMeterEngine: Running the test!
2022-09-30 15:38:59,295 INFO o.a.j.s.SampleEvent: List of sample_variables: []
2022-09-30 15:38:59,319 INFO o.a.j.g.u.JMeterMenuBar: setRunning(true, *local*)
2022-09-30 15:38:59,666 INFO o.a.j.e.StandardJMeterEngine: Starting ThreadGroup: 1 : Thread Group
2022-09-30 15:38:59,666 INFO o.a.j.e.StandardJMeterEngine: Starting 1 threads for group Thread Group.
2022-09-30 15:38:59,666 INFO o.a.j.e.StandardJMeterEngine: Thread will continue on error
2022-09-30 15:38:59,666 INFO o.a.j.t.ThreadGroup: Starting thread group... number=1 threads=1 ramp-up=1 delayedStart=false
2022-09-30 15:38:59,674 INFO o.a.j.t.ThreadGroup: Started thread group number 1
2022-09-30 15:38:59,674 INFO o.a.j.e.StandardJMeterEngine: All thread groups have been started
2022-09-30 15:38:59,674 INFO o.a.j.t.JMeterThread: Thread started: Thread Group 1-1
2022-09-30 15:40:17,297 INFO o.a.j.t.JMeterThread: Thread is done: Thread Group 1-1
2022-09-30 15:40:17,297 INFO o.a.j.t.JMeterThread: Thread finished: Thread Group 1-1
2022-09-30 15:40:17,305 INFO o.a.j.e.StandardJMeterEngine: Notifying test listeners of end of test
2022-09-30 15:40:17,305 INFO o.a.j.g.u.JMeterMenuBar: setRunning(false, *local*)
2022-09-30 15:41:44,861 INFO o.a.j.e.StandardJMeterEngine: Running the test!
2022-09-30 15:41:44,861 INFO o.a.j.s.SampleEvent: List of sample_variables: []
2022-09-30 15:41:44,861 INFO o.a.j.g.u.JMeterMenuBar: setRunning(true, *local*)
2022-09-30 15:41:44,965 INFO o.a.j.e.StandardJMeterEngine: Starting ThreadGroup: 1 : Thread Group
2022-09-30 15:41:44,965 INFO o.a.j.e.StandardJMeterEngine: Starting 1 threads for group Thread Group.
2022-09-30 15:41:44,965 INFO o.a.j.e.StandardJMeterEngine: Thread will continue on error
2022-09-30 15:41:44,965 INFO o.a.j.t.ThreadGroup: Starting thread group... number=1 threads=1 ramp-up=1 delayedStart=false
2022-09-30 15:41:44,973 INFO o.a.j.t.ThreadGroup: Started thread group number 1
2022-09-30 15:41:44,973 INFO o.a.j.e.StandardJMeterEngine: All thread groups have been started
2022-09-30 15:41:44,973 INFO o.a.j.t.JMeterThread: Thread started: Thread Group 1-1
2022-09-30 15:42:28,705 INFO o.a.j.g.a.Start: Stopping test
2022-09-30 15:42:28,718 INFO o.a.j.t.JMeterThread: Stopping: Thread Group 1-1
2022-09-30 15:42:28,720 WARN o.a.j.t.JMeterThread: The delay timer was interrupted - probably did not wait as long as intended.
2022-09-30 15:42:28,720 INFO o.a.j.t.JMeterThread: Thread finished: Thread Group 1-1
2022-09-30 15:42:28,720 INFO o.a.j.e.StandardJMeterEngine: Notifying test listeners of end of test
2022-09-30 15:42:28,720 INFO o.a.j.g.u.JMeterMenuBar: setRunning(false, *local*)
2022-09-30 15:44:20,843 INFO o.a.j.e.StandardJMeterEngine: Running the test!
2022-09-30 15:44:20,843 INFO o.a.j.s.SampleEvent: List of sample_variables: []
2022-09-30 15:44:20,843 INFO o.a.j.g.u.JMeterMenuBar: setRunning(true, *local*)
2022-09-30 15:44:20,859 INFO o.a.j.e.StandardJMeterEngine: Starting ThreadGroup: 1 : Thread Group
2022-09-30 15:44:20,859 INFO o.a.j.e.StandardJMeterEngine: Starting 1 threads for group Thread Group.
2022-09-30 15:44:20,859 INFO o.a.j.e.StandardJMeterEngine: Thread will continue on error
2022-09-30 15:44:20,859 INFO o.a.j.t.ThreadGroup: Starting thread group... number=1 threads=1 ramp-up=1 delayedStart=false
2022-09-30 15:44:20,859 INFO o.a.j.t.ThreadGroup: Started thread group number 1
2022-09-30 15:44:20,859 INFO o.a.j.e.StandardJMeterEngine: All thread groups have been started
2022-09-30 15:44:20,867 INFO o.a.j.t.JMeterThread: Thread started: Thread Group 1-1
2022-09-30 15:44:48,908 INFO o.a.j.g.a.Start: Shutting test down
2022-09-30 15:44:48,918 INFO o.a.j.t.JMeterThread: Stopping: Thread Group 1-1
2022-09-30 15:44:52,736 INFO o.a.j.g.a.Start: Stopping test
2022-09-30 15:44:52,747 INFO o.a.j.t.JMeterThread: Stopping: Thread Group 1-1
2022-09-30 15:44:52,748 WARN o.a.j.t.JMeterThread: The delay timer was interrupted - probably did not wait as long as intended.
2022-09-30 15:44:52,748 INFO o.a.j.t.JMeterThread: Thread finished: Thread Group 1-1
2022-09-30 15:44:52,748 INFO o.a.j.e.StandardJMeterEngine: Notifying test listeners of end of test
2022-09-30 15:44:52,748 INFO o.a.j.g.u.JMeterMenuBar: setRunning(false, *local*)
2022-09-30 15:44:57,999 INFO o.a.j.e.StandardJMeterEngine: Running the test!
2022-09-30 15:44:57,999 INFO o.a.j.s.SampleEvent: List of sample_variables: []
2022-09-30 15:44:58,007 INFO o.a.j.g.u.JMeterMenuBar: setRunning(true, *local*)
2022-09-30 15:44:58,015 INFO o.a.j.e.StandardJMeterEngine: Starting ThreadGroup: 1 : Thread Group
2022-09-30 15:44:58,015 INFO o.a.j.e.StandardJMeterEngine: Starting 1 threads for group Thread Group.
2022-09-30 15:44:58,015 INFO o.a.j.e.StandardJMeterEngine: Thread will continue on error
2022-09-30 15:44:58,015 INFO o.a.j.t.ThreadGroup: Starting thread group... number=1 threads=1 ramp-up=1 delayedStart=false
2022-09-30 15:44:58,015 INFO o.a.j.t.ThreadGroup: Started thread group number 1
2022-09-30 15:44:58,015 INFO o.a.j.e.StandardJMeterEngine: All thread groups have been started
2022-09-30 15:44:58,015 INFO o.a.j.t.JMeterThread: Thread started: Thread Group 1-1
2022-09-30 15:46:47,851 INFO o.a.j.t.JMeterThread: Thread is done: Thread Group 1-1
2022-09-30 15:46:47,851 INFO o.a.j.t.JMeterThread: Thread finished: Thread Group 1-1
2022-09-30 15:46:47,851 INFO o.a.j.e.StandardJMeterEngine: Notifying test listeners of end of test
2022-09-30 15:46:47,851 INFO o.a.j.g.u.JMeterMenuBar: setRunning(false, *local*)
2022-09-30 15:52:11,767 INFO o.a.j.e.StandardJMeterEngine: Running the test!
2022-09-30 15:52:11,767 INFO o.a.j.s.SampleEvent: List of sample_variables: []
2022-09-30 15:52:11,775 INFO o.a.j.g.u.JMeterMenuBar: setRunning(true, *local*)
2022-09-30 15:52:11,875 INFO o.a.j.e.StandardJMeterEngine: Starting ThreadGroup: 1 : Thread Group
2022-09-30 15:52:11,875 INFO o.a.j.e.StandardJMeterEngine: Starting 1 threads for group Thread Group.
2022-09-30 15:52:11,875 INFO o.a.j.e.StandardJMeterEngine: Thread will continue on error
2022-09-30 15:52:11,875 INFO o.a.j.t.ThreadGroup: Starting thread group... number=1 threads=1 ramp-up=1 delayedStart=false
2022-09-30 15:52:11,879 INFO o.a.j.t.ThreadGroup: Started thread group number 1
2022-09-30 15:52:11,879 INFO o.a.j.e.StandardJMeterEngine: All thread groups have been started
2022-09-30 15:52:11,883 INFO o.a.j.t.JMeterThread: Thread started: Thread Group 1-1
2022-09-30 15:52:21,511 INFO o.a.j.g.a.Start: Shutting test down
2022-09-30 15:52:21,521 INFO o.a.j.t.JMeterThread: Stopping: Thread Group 1-1
2022-09-30 15:52:25,408 INFO o.a.j.g.a.Start: Stopping test
2022-09-30 15:52:25,418 INFO o.a.j.t.JMeterThread: Stopping: Thread Group 1-1
2022-09-30 15:52:25,419 WARN o.a.j.t.JMeterThread: The delay timer was interrupted - probably did not wait as long as intended.
2022-09-30 15:52:25,419 INFO o.a.j.t.JMeterThread: Thread finished: Thread Group 1-1
2022-09-30 15:52:25,419 INFO o.a.j.e.StandardJMeterEngine: Notifying test listeners of end of test
2022-09-30 15:52:25,419 INFO o.a.j.g.u.JMeterMenuBar: setRunning(false, *local*)
2022-09-30 15:52:28,172 INFO o.a.j.e.StandardJMeterEngine: Running the test!
2022-09-30 15:52:28,172 INFO o.a.j.s.SampleEvent: List of sample_variables: []
2022-09-30 15:52:28,180 INFO o.a.j.g.u.JMeterMenuBar: setRunning(true, *local*)
2022-09-30 15:52:28,252 INFO o.a.j.e.StandardJMeterEngine: Starting ThreadGroup: 1 : Thread Group
2022-09-30 15:52:28,252 INFO o.a.j.e.StandardJMeterEngine: Starting 1 threads for group Thread Group.
2022-09-30 15:52:28,252 INFO o.a.j.e.StandardJMeterEngine: Thread will continue on error
2022-09-30 15:52:28,252 INFO o.a.j.t.ThreadGroup: Starting thread group... number=1 threads=1 ramp-up=1 delayedStart=false
2022-09-30 15:52:28,252 INFO o.a.j.t.ThreadGroup: Started thread group number 1
2022-09-30 15:52:28,252 INFO o.a.j.e.StandardJMeterEngine: All thread groups have been started
2022-09-30 15:52:28,260 INFO o.a.j.t.JMeterThread: Thread started: Thread Group 1-1
2022-09-30 15:54:12,531 INFO o.a.j.t.JMeterThread: Thread is done: Thread Group 1-1
2022-09-30 15:54:12,531 INFO o.a.j.t.JMeterThread: Thread finished: Thread Group 1-1
2022-09-30 15:54:12,531 INFO o.a.j.e.StandardJMeterEngine: Notifying test listeners of end of test
2022-09-30 15:54:12,531 INFO o.a.j.g.u.JMeterMenuBar: setRunning(false, *local*)
2022-09-30 22:49:12,608 INFO o.a.j.e.StandardJMeterEngine: Running the test!
2022-09-30 22:49:12,608 INFO o.a.j.s.SampleEvent: List of sample_variables: []
2022-09-30 22:49:12,616 INFO o.a.j.g.u.JMeterMenuBar: setRunning(true, *local*)
2022-09-30 22:49:12,768 INFO o.a.j.e.StandardJMeterEngine: Starting ThreadGroup: 1 : Thread Group
2022-09-30 22:49:12,768 INFO o.a.j.e.StandardJMeterEngine: Starting 1 threads for group Thread Group.
2022-09-30 22:49:12,768 INFO o.a.j.e.StandardJMeterEngine: Thread will continue on error
2022-09-30 22:49:12,768 INFO o.a.j.t.ThreadGroup: Starting thread group... number=1 threads=1 ramp-up=1 delayedStart=false
2022-09-30 22:49:12,773 INFO o.a.j.t.ThreadGroup: Started thread group number 1
2022-09-30 22:49:12,773 INFO o.a.j.e.StandardJMeterEngine: All thread groups have been started
2022-09-30 22:49:12,775 INFO o.a.j.t.JMeterThread: Thread started: Thread Group 1-1
2022-09-30 22:49:13,451 WARN c.h.c.r.e.LoggingCSSParseErrorHandler: Browser compliant mode skipped CSS from [2:117941] starting at token 'has(' until [2:117975] to token '}' (based on com.helger.css.parser.ParseException: Encountered unexpected token: ">" ">"
    at line 2, column 117945.

Was expecting one of:

    ")"
    "+"
    "-"
    "["
    "and"
    "expression("
    "from"
    "inherit"
    "not"
    "only"
    "or"
    "to"
    <ANGLE_DEG>
    <ANGLE_GRAD>
    <ANGLE_RAD>
    <ANGLE_TURN>
    <CH>
    <DPCM>
    <DPI>
    <DPPX>
    <EM>
    <EX>
    <FR>
    <FREQ_HZ>
    <FREQ_KHZ>
    <FUNCTION>
    <FUNCTION_CALC>
    <HASH>
    <IDENT>
    <LENGTH_CM>
    <LENGTH_IN>
    <LENGTH_MM>
    <LENGTH_PC>
    <LENGTH_PT>
    <LENGTH_Q>
    <NUMBER>
    <PERCENTAGE>
    <PX>
    <REM>
    <S>
    <STRING1>
    <STRING2>
    <TIME_MS>
    <TIME_S>
    <URANGE>
    <URL>
    <VH>
    <VMAX>
    <VMIN>
    <VW>
)
2022-09-30 22:49:18,006 INFO o.a.j.g.a.Start: Stopping test
2022-09-30 22:49:18,015 INFO o.a.j.t.JMeterThread: Stopping: Thread Group 1-1
2022-09-30 22:49:18,015 WARN o.a.j.t.JMeterThread: Interrupting: Thread Group 1-1 sampler: https://gfgapi.geeksforgeeks.org/api/fetchpostad/1710/4033/
2022-09-30 22:49:18,016 WARN o.a.j.t.JMeterThread: No operation pending
2022-09-30 22:49:18,016 WARN o.a.j.p.h.s.HTTPSamplerBase: Interrupted fetching embedded resources
java.lang.InterruptedException: null
	at java.util.concurrent.locks.AbstractQueuedSynchronizer$ConditionObject.reportInterruptAfterWait(Unknown Source) ~[?:1.8.0_341]
	at java.util.concurrent.locks.AbstractQueuedSynchronizer$ConditionObject.await(Unknown Source) ~[?:1.8.0_341]
	at java.util.concurrent.LinkedBlockingQueue.take(Unknown Source) ~[?:1.8.0_341]
	at java.util.concurrent.ExecutorCompletionService.take(Unknown Source) ~[?:1.8.0_341]
	at org.apache.jmeter.protocol.http.sampler.ResourcesDownloader.invokeAllAndAwaitTermination(ResourcesDownloader.java:192) ~[ApacheJMeter_http.jar:5.4.3]
	at org.apache.jmeter.protocol.http.sampler.HTTPSamplerBase.downloadPageResources(HTTPSamplerBase.java:1466) [ApacheJMeter_http.jar:5.4.3]
	at org.apache.jmeter.protocol.http.sampler.HTTPSamplerBase.resultProcessing(HTTPSamplerBase.java:1779) [ApacheJMeter_http.jar:5.4.3]
	at org.apache.jmeter.protocol.http.sampler.HTTPAbstractImpl.resultProcessing(HTTPAbstractImpl.java:555) [ApacheJMeter_http.jar:5.4.3]
	at org.apache.jmeter.protocol.http.sampler.HTTPHC4Impl.sample(HTTPHC4Impl.java:733) [ApacheJMeter_http.jar:5.4.3]
	at org.apache.jmeter.protocol.http.sampler.HTTPSamplerProxy.sample(HTTPSamplerProxy.java:66) [ApacheJMeter_http.jar:5.4.3]
	at org.apache.jmeter.protocol.http.sampler.HTTPSamplerBase$ASyncSample.call(HTTPSamplerBase.java:2155) [ApacheJMeter_http.jar:5.4.3]
	at org.apache.jmeter.protocol.http.sampler.HTTPSamplerBase$ASyncSample.call(HTTPSamplerBase.java:2123) [ApacheJMeter_http.jar:5.4.3]
	at java.util.concurrent.FutureTask.run(Unknown Source) [?:1.8.0_341]
	at java.util.concurrent.Executors$RunnableAdapter.call(Unknown Source) [?:1.8.0_341]
	at java.util.concurrent.FutureTask.run(Unknown Source) [?:1.8.0_341]
	at java.util.concurrent.ThreadPoolExecutor.runWorker(Unknown Source) [?:1.8.0_341]
	at java.util.concurrent.ThreadPoolExecutor$Worker.run(Unknown Source) [?:1.8.0_341]
	at java.lang.Thread.run(Unknown Source) [?:1.8.0_341]
2022-09-30 22:49:18,016 WARN o.a.j.p.h.s.HTTPSamplerBase: Interrupted fetching embedded resources
java.lang.InterruptedException: null
	at java.util.concurrent.locks.AbstractQueuedSynchronizer$ConditionObject.reportInterruptAfterWait(Unknown Source) ~[?:1.8.0_341]
	at java.util.concurrent.locks.AbstractQueuedSynchronizer$ConditionObject.await(Unknown Source) ~[?:1.8.0_341]
	at java.util.concurrent.LinkedBlockingQueue.take(Unknown Source) ~[?:1.8.0_341]
	at java.util.concurrent.ExecutorCompletionService.take(Unknown Source) ~[?:1.8.0_341]
	at org.apache.jmeter.protocol.http.sampler.ResourcesDownloader.invokeAllAndAwaitTermination(ResourcesDownloader.java:192) ~[ApacheJMeter_http.jar:5.4.3]
	at org.apache.jmeter.protocol.http.sampler.HTTPSamplerBase.downloadPageResources(HTTPSamplerBase.java:1466) [ApacheJMeter_http.jar:5.4.3]
	at org.apache.jmeter.protocol.http.sampler.HTTPSamplerBase.resultProcessing(HTTPSamplerBase.java:1779) [ApacheJMeter_http.jar:5.4.3]
	at org.apache.jmeter.protocol.http.sampler.HTTPAbstractImpl.resultProcessing(HTTPAbstractImpl.java:555) [ApacheJMeter_http.jar:5.4.3]
	at org.apache.jmeter.protocol.http.sampler.HTTPHC4Impl.sample(HTTPHC4Impl.java:733) [ApacheJMeter_http.jar:5.4.3]
	at org.apache.jmeter.protocol.http.sampler.HTTPSamplerProxy.sample(HTTPSamplerProxy.java:66) [ApacheJMeter_http.jar:5.4.3]
	at org.apache.jmeter.protocol.http.sampler.HTTPSamplerBase.sample(HTTPSamplerBase.java:1296) [ApacheJMeter_http.jar:5.4.3]
	at org.apache.jmeter.protocol.http.sampler.HTTPSamplerBase.sample(HTTPSamplerBase.java:1285) [ApacheJMeter_http.jar:5.4.3]
	at org.apache.jmeter.threads.JMeterThread.doSampling(JMeterThread.java:638) [ApacheJMeter_core.jar:5.4.3]
	at org.apache.jmeter.threads.JMeterThread.executeSamplePackage(JMeterThread.java:558) [ApacheJMeter_core.jar:5.4.3]
	at org.apache.jmeter.threads.JMeterThread.processSampler(JMeterThread.java:489) [ApacheJMeter_core.jar:5.4.3]
	at org.apache.jmeter.threads.JMeterThread.run(JMeterThread.java:256) [ApacheJMeter_core.jar:5.4.3]
	at java.lang.Thread.run(Unknown Source) [?:1.8.0_341]
2022-09-30 22:49:18,122 INFO o.a.j.t.JMeterThread: Thread finished: Thread Group 1-1
2022-09-30 22:49:18,154 INFO o.a.j.e.StandardJMeterEngine: Notifying test listeners of end of test
2022-09-30 22:49:18,154 INFO o.a.j.g.u.JMeterMenuBar: setRunning(false, *local*)
2022-09-30 22:49:24,416 INFO o.a.j.e.StandardJMeterEngine: Running the test!
2022-09-30 22:49:24,417 INFO o.a.j.s.SampleEvent: List of sample_variables: []
2022-09-30 22:49:24,420 INFO o.a.j.g.u.JMeterMenuBar: setRunning(true, *local*)
2022-09-30 22:49:24,515 INFO o.a.j.e.StandardJMeterEngine: Starting ThreadGroup: 1 : Thread Group
2022-09-30 22:49:24,516 INFO o.a.j.e.StandardJMeterEngine: Starting 1 threads for group Thread Group.
2022-09-30 22:49:24,516 INFO o.a.j.e.StandardJMeterEngine: Thread will continue on error
2022-09-30 22:49:24,516 INFO o.a.j.t.ThreadGroup: Starting thread group... number=1 threads=1 ramp-up=1 delayedStart=false
2022-09-30 22:49:24,519 INFO o.a.j.t.ThreadGroup: Started thread group number 1
2022-09-30 22:49:24,519 INFO o.a.j.e.StandardJMeterEngine: All thread groups have been started
2022-09-30 22:49:24,522 INFO o.a.j.t.JMeterThread: Thread started: Thread Group 1-1
2022-09-30 22:51:08,172 INFO o.a.j.t.JMeterThread: Thread is done: Thread Group 1-1
2022-09-30 22:51:08,172 INFO o.a.j.t.JMeterThread: Thread finished: Thread Group 1-1
2022-09-30 22:51:08,178 INFO o.a.j.e.StandardJMeterEngine: Notifying test listeners of end of test
2022-09-30 22:51:08,178 INFO o.a.j.g.u.JMeterMenuBar: setRunning(false, *local*)
